{"/Users/wangbinlin/Project/daily_exercise/hand-write-awesome/docs/native-js/new/index.ts": {"path":"/Users/wangbinlin/Project/daily_exercise/hand-write-awesome/docs/native-js/new/index.ts","statementMap":{"0":{"start":{"line":3,"column":21},"end":{"line":3,"column":40}},"1":{"start":{"line":4,"column":36},"end":{"line":4,"column":46}},"2":{"start":{"line":6,"column":4},"end":{"line":6,"column":59}},"3":{"start":{"line":8,"column":16},"end":{"line":8,"column":50}},"4":{"start":{"line":11,"column":4},"end":{"line":11,"column":104}},"5":{"start":{"line":58,"column":0},"end":{"line":58,"column":21}}},"fnMap":{"0":{"name":"myNew","decl":{"start":{"line":1,"column":9},"end":{"line":1,"column":14}},"loc":{"start":{"line":1,"column":50},"end":{"line":12,"column":1}}}},"branchMap":{"0":{"loc":{"start":{"line":4,"column":36},"end":{"line":4,"column":46}},"type":"binary-expr","locations":[{"start":{"line":4,"column":36},"end":{"line":4,"column":40}},{"start":{"line":4,"column":44},"end":{"line":4,"column":46}}]},"1":{"loc":{"start":{"line":11,"column":11},"end":{"line":11,"column":103}},"type":"cond-expr","locations":[{"start":{"line":11,"column":89},"end":{"line":11,"column":92}},{"start":{"line":11,"column":95},"end":{"line":11,"column":103}}]}},"s":{"0":5,"1":5,"2":5,"3":5,"4":5,"5":1},"f":{"0":5},"b":{"0":[5,0],"1":[1,4]}}
}
